[0.015s] Invoking command in '/home/mahmoud/ros2_ws3/build/more_interfaces': CMAKE_PREFIX_PATH=${CMAKE_PREFIX_PATH}:/opt/ros/humble /usr/bin/cmake --build /home/mahmoud/ros2_ws3/build/more_interfaces -- -j12 -l12
[0.083s] -- Found ament_cmake: 1.3.11 (/opt/ros/humble/share/ament_cmake/cmake)
[0.232s] -- Found rosidl_default_generators: 1.2.0 (/opt/ros/humble/share/rosidl_default_generators/cmake)
[0.235s] -- Using all available rosidl_typesupport_c: rosidl_typesupport_fastrtps_c;rosidl_typesupport_introspection_c
[0.240s] -- Found rosidl_adapter: 3.1.6 (/opt/ros/humble/share/rosidl_adapter/cmake)
[0.369s] -- Using all available rosidl_typesupport_cpp: rosidl_typesupport_fastrtps_cpp;rosidl_typesupport_introspection_cpp
[0.621s] -- Found ament_cmake_ros: 0.10.0 (/opt/ros/humble/share/ament_cmake_ros/cmake)
[0.779s] -- Using all available rosidl_typesupport_c: rosidl_typesupport_fastrtps_c;rosidl_typesupport_introspection_c
[0.982s] -- Using all available rosidl_typesupport_cpp: rosidl_typesupport_fastrtps_cpp;rosidl_typesupport_introspection_cpp
[1.002s] -- Found python_cmake_module: 0.10.0 (/opt/ros/humble/share/python_cmake_module/cmake)
[1.023s] -- Using PYTHON_EXECUTABLE: /usr/bin/python3
[1.023s] -- Using PYTHON_INCLUDE_DIRS: /usr/include/python3.10
[1.023s] -- Using PYTHON_LIBRARIES: /usr/lib/x86_64-linux-gnu/libpython3.10.so
[1.036s] -- Found rclcpp: 16.0.12 (/opt/ros/humble/share/rclcpp/cmake)
[1.096s] -- Found rmw_implementation_cmake: 6.1.2 (/opt/ros/humble/share/rmw_implementation_cmake/cmake)
[1.099s] -- Found rmw_fastrtps_cpp: 6.2.7 (/opt/ros/humble/share/rmw_fastrtps_cpp/cmake)
[4.375s] -- Using RMW implementation 'rmw_fastrtps_cpp' as default
[4.449s] -- Found ament_lint_auto: 0.12.12 (/opt/ros/humble/share/ament_lint_auto/cmake)
[4.476s] -- Added test 'cppcheck' to perform static code analysis on C / C++ code
[4.476s] -- Configured cppcheck include dirs: 
[4.476s] -- Configured cppcheck exclude dirs and/or files: 
[4.477s] -- Added test 'lint_cmake' to check CMake code style
[4.478s] -- Added test 'uncrustify' to check C / C++ code style
[4.478s] -- Configured uncrustify additional arguments: 
[4.479s] -- Added test 'xmllint' to check XML markup files
[4.483s] -- Configuring done
[4.546s] -- Generating done
[4.560s] -- Build files have been written to: /home/mahmoud/ros2_ws3/build/more_interfaces
[4.594s] [35m[1mConsolidate compiler generated dependencies of target more_interfaces__rosidl_generator_c[0m
[4.602s] [  2%] Built target more_interfaces__cpp
[4.603s] [ 11%] Built target more_interfaces__rosidl_generator_c
[4.614s] [35m[1mConsolidate compiler generated dependencies of target more_interfaces__rosidl_typesupport_cpp[0m
[4.614s] [35m[1mConsolidate compiler generated dependencies of target more_interfaces__rosidl_typesupport_introspection_cpp[0m
[4.615s] [35m[1mConsolidate compiler generated dependencies of target more_interfaces__rosidl_typesupport_c[0m
[4.615s] [35m[1mConsolidate compiler generated dependencies of target more_interfaces__rosidl_typesupport_fastrtps_cpp[0m
[4.617s] [35m[1mConsolidate compiler generated dependencies of target more_interfaces__rosidl_typesupport_introspection_c[0m
[4.617s] [35m[1mConsolidate compiler generated dependencies of target more_interfaces__rosidl_typesupport_fastrtps_c[0m
[4.619s] [ 11%] Built target ament_cmake_python_copy_more_interfaces
[4.627s] [ 20%] Built target more_interfaces__rosidl_typesupport_c
[4.628s] [ 42%] Built target more_interfaces__rosidl_typesupport_fastrtps_cpp
[4.628s] [ 42%] Built target more_interfaces__rosidl_typesupport_introspection_cpp
[4.628s] [ 45%] Built target more_interfaces__rosidl_typesupport_cpp
[4.631s] [ 54%] Built target more_interfaces__rosidl_typesupport_introspection_c
[4.631s] [ 62%] Built target more_interfaces__rosidl_typesupport_fastrtps_c
[4.642s] [35m[1mConsolidate compiler generated dependencies of target publish_address_book[0m
[4.648s] [ 65%] [32mBuilding CXX object CMakeFiles/subscriber_address_book.dir/src/subscriber_address_book.cpp.o[0m
[4.651s] [ 65%] Built target more_interfaces
[4.660s] [ 71%] Built target publish_address_book
[4.674s] [ 74%] Built target more_interfaces__py
[4.687s] [35m[1mConsolidate compiler generated dependencies of target more_interfaces__rosidl_generator_py[0m
[4.699s] [ 80%] Built target more_interfaces__rosidl_generator_py
[4.710s] [35m[1mConsolidate compiler generated dependencies of target more_interfaces__rosidl_typesupport_introspection_c__pyext[0m
[4.710s] [35m[1mConsolidate compiler generated dependencies of target more_interfaces__rosidl_typesupport_fastrtps_c__pyext[0m
[4.710s] [35m[1mConsolidate compiler generated dependencies of target more_interfaces__rosidl_typesupport_c__pyext[0m
[4.722s] [ 85%] Built target more_interfaces__rosidl_typesupport_introspection_c__pyext
[4.722s] [ 91%] Built target more_interfaces__rosidl_typesupport_c__pyext
[4.724s] [ 97%] Built target more_interfaces__rosidl_typesupport_fastrtps_c__pyext
[4.886s] running egg_info
[4.887s] writing more_interfaces.egg-info/PKG-INFO
[4.887s] writing dependency_links to more_interfaces.egg-info/dependency_links.txt
[4.887s] writing top-level names to more_interfaces.egg-info/top_level.txt
[4.890s] reading manifest file 'more_interfaces.egg-info/SOURCES.txt'
[4.891s] writing manifest file 'more_interfaces.egg-info/SOURCES.txt'
[4.914s] [ 97%] Built target ament_cmake_python_build_more_interfaces_egg
[7.334s] In file included from [01m[K/opt/ros/humble/include/rclcpp/rclcpp/logging.hpp:24[m[K,
[7.334s]                  from [01m[K/opt/ros/humble/include/rclcpp/rclcpp/client.hpp:40[m[K,
[7.334s]                  from [01m[K/opt/ros/humble/include/rclcpp/rclcpp/callback_group.hpp:24[m[K,
[7.334s]                  from [01m[K/opt/ros/humble/include/rclcpp/rclcpp/any_executable.hpp:20[m[K,
[7.334s]                  from [01m[K/opt/ros/humble/include/rclcpp/rclcpp/memory_strategy.hpp:25[m[K,
[7.334s]                  from [01m[K/opt/ros/humble/include/rclcpp/rclcpp/memory_strategies.hpp:18[m[K,
[7.334s]                  from [01m[K/opt/ros/humble/include/rclcpp/rclcpp/executor_options.hpp:20[m[K,
[7.334s]                  from [01m[K/opt/ros/humble/include/rclcpp/rclcpp/executor.hpp:37[m[K,
[7.335s]                  from [01m[K/opt/ros/humble/include/rclcpp/rclcpp/executors/multi_threaded_executor.hpp:25[m[K,
[7.335s]                  from [01m[K/opt/ros/humble/include/rclcpp/rclcpp/executors.hpp:21[m[K,
[7.335s]                  from [01m[K/opt/ros/humble/include/rclcpp/rclcpp/rclcpp.hpp:155[m[K,
[7.335s]                  from [01m[K/home/mahmoud/ros2_ws3/src/more_interfaces/src/subscriber_address_book.cpp:18[m[K:
[7.335s] [01m[K/home/mahmoud/ros2_ws3/src/more_interfaces/src/subscriber_address_book.cpp:[m[K In member function â€˜[01m[Kvoid AddressBookSubscriber::topic_callback(const AddressBook&) const[m[Kâ€™:
[7.335s] [01m[K/home/mahmoud/ros2_ws3/src/more_interfaces/src/subscriber_address_book.cpp:37:58:[m[K [01;31m[Kerror: [m[Kâ€˜[01m[Kconst AddressBook[m[Kâ€™ {aka â€˜[01m[Kconst struct more_interfaces::msg::AddressBook_<std::allocator<void> >[m[Kâ€™} has no member named â€˜[01m[Kdata[m[Kâ€™
[7.335s]    37 |     RCLCPP_INFO(this->get_logger(), "I heard: '%s'", msg.[01;31m[Kdata[m[K.c_str());
[7.335s]       |                                                          [01;31m[K^~~~[m[K
[7.339s] [01m[K/home/mahmoud/ros2_ws3/src/more_interfaces/src/subscriber_address_book.cpp:[m[K In function â€˜[01m[Kint main(int, char**)[m[Kâ€™:
[7.339s] [01m[K/home/mahmoud/ros2_ws3/src/more_interfaces/src/subscriber_address_book.cpp:45:33:[m[K [01;31m[Kerror: [m[Kâ€˜[01m[KMinimalSubscriber[m[Kâ€™ was not declared in this scope
[7.339s]    45 |   rclcpp::spin(std::make_shared<[01;31m[KMinimalSubscriber[m[K>());
[7.339s]       |                                 [01;31m[K^~~~~~~~~~~~~~~~~[m[K
[7.339s] [01m[K/home/mahmoud/ros2_ws3/src/more_interfaces/src/subscriber_address_book.cpp:45:51:[m[K [01;31m[Kerror: [m[Kno matching function for call to â€˜[01m[Kmake_shared<<expression error> >()[m[Kâ€™
[7.339s]    45 |   rclcpp::spin([01;31m[Kstd::make_shared<MinimalSubscriber>()[m[K);
[7.339s]       |                [01;31m[K~~~~~~~~~~~~~~~~~~~~~~~~~~~~~~~~~~~^~[m[K
[7.340s] In file included from [01m[K/usr/include/c++/11/memory:77[m[K,
[7.340s]                  from [01m[K/home/mahmoud/ros2_ws3/src/more_interfaces/src/subscriber_address_book.cpp:16[m[K:
[7.340s] [01m[K/usr/include/c++/11/bits/shared_ptr.h:875:5:[m[K [01;36m[Knote: [m[Kcandidate: â€˜[01m[Ktemplate<class _Tp, class ... _Args> std::shared_ptr<_Tp> std::make_shared(_Args&& ...)[m[Kâ€™
[7.340s]   875 |     [01;36m[Kmake_shared[m[K(_Args&&... __args)
[7.340s]       |     [01;36m[K^~~~~~~~~~~[m[K
[7.340s] [01m[K/usr/include/c++/11/bits/shared_ptr.h:875:5:[m[K [01;36m[Knote: [m[K  template argument deduction/substitution failed:
[7.340s] [01m[K/home/mahmoud/ros2_ws3/src/more_interfaces/src/subscriber_address_book.cpp:45:51:[m[K [01;31m[Kerror: [m[Ktemplate argument 1 is invalid
[7.340s]    45 |   rclcpp::spin([01;31m[Kstd::make_shared<MinimalSubscriber>()[m[K);
[7.340s]       |                [01;31m[K~~~~~~~~~~~~~~~~~~~~~~~~~~~~~~~~~~~^~[m[K
[9.568s] gmake[2]: *** [CMakeFiles/subscriber_address_book.dir/build.make:76: CMakeFiles/subscriber_address_book.dir/src/subscriber_address_book.cpp.o] Error 1
[9.568s] gmake[1]: *** [CMakeFiles/Makefile2:622: CMakeFiles/subscriber_address_book.dir/all] Error 2
[9.568s] gmake: *** [Makefile:146: all] Error 2
[9.572s] Invoked command in '/home/mahmoud/ros2_ws3/build/more_interfaces' returned '2': CMAKE_PREFIX_PATH=${CMAKE_PREFIX_PATH}:/opt/ros/humble /usr/bin/cmake --build /home/mahmoud/ros2_ws3/build/more_interfaces -- -j12 -l12
