[  5%] [32mBuilding CXX object CMakeFiles/subscriber_address_book.dir/src/subscriber_address_book.cpp.o[0m
[  5%] Built target more_interfaces__cpp
[ 14%] Built target more_interfaces__rosidl_generator_c
[ 14%] Built target ament_cmake_python_copy_more_interfaces
[ 22%] Built target more_interfaces__rosidl_typesupport_cpp
[ 31%] Built target more_interfaces__rosidl_typesupport_introspection_cpp
[ 40%] Built target more_interfaces__rosidl_typesupport_fastrtps_cpp
[ 48%] Built target more_interfaces__rosidl_typesupport_c
[ 57%] Built target more_interfaces__rosidl_typesupport_introspection_c
[ 65%] Built target more_interfaces__rosidl_typesupport_fastrtps_c
[ 71%] Built target publish_address_book
[ 71%] Built target more_interfaces
[ 74%] Built target more_interfaces__py
[ 80%] Built target more_interfaces__rosidl_generator_py
[ 91%] Built target more_interfaces__rosidl_typesupport_c__pyext
[ 91%] Built target more_interfaces__rosidl_typesupport_fastrtps_c__pyext
[ 97%] Built target more_interfaces__rosidl_typesupport_introspection_c__pyext
[01m[K/home/mahmoud/ros2_ws3/src/more_interfaces/src/subscriber_address_book.cpp:19:10:[m[K [01;31m[Kfatal error: [m[Kmore_interfaces/msg/address_book.hpp: No such file or directory
   19 | #include [01;31m[K"more_interfaces/msg/address_book.hpp"[m[K
      |          [01;31m[K^~~~~~~~~~~~~~~~~~~~~~~~~~~~~~~~~~~~~~[m[K
compilation terminated.
gmake[2]: *** [CMakeFiles/subscriber_address_book.dir/build.make:76: CMakeFiles/subscriber_address_book.dir/src/subscriber_address_book.cpp.o] Error 1
gmake[1]: *** [CMakeFiles/Makefile2:621: CMakeFiles/subscriber_address_book.dir/all] Error 2
gmake[1]: *** Waiting for unfinished jobs....
running egg_info
writing more_interfaces.egg-info/PKG-INFO
writing dependency_links to more_interfaces.egg-info/dependency_links.txt
writing top-level names to more_interfaces.egg-info/top_level.txt
reading manifest file 'more_interfaces.egg-info/SOURCES.txt'
writing manifest file 'more_interfaces.egg-info/SOURCES.txt'
[ 97%] Built target ament_cmake_python_build_more_interfaces_egg
gmake: *** [Makefile:146: all] Error 2
