[0.016s] Invoking command in '/home/mahmoud/ros2_ws3/build/more_interfaces': CMAKE_PREFIX_PATH=${CMAKE_PREFIX_PATH}:/opt/ros/humble /usr/bin/cmake --build /home/mahmoud/ros2_ws3/build/more_interfaces -- -j12 -l12
[0.081s] -- Found ament_cmake: 1.3.11 (/opt/ros/humble/share/ament_cmake/cmake)
[0.236s] -- Found rosidl_default_generators: 1.2.0 (/opt/ros/humble/share/rosidl_default_generators/cmake)
[0.241s] -- Using all available rosidl_typesupport_c: rosidl_typesupport_fastrtps_c;rosidl_typesupport_introspection_c
[0.245s] -- Found rosidl_adapter: 3.1.6 (/opt/ros/humble/share/rosidl_adapter/cmake)
[0.375s] -- Using all available rosidl_typesupport_cpp: rosidl_typesupport_fastrtps_cpp;rosidl_typesupport_introspection_cpp
[0.629s] -- Found ament_cmake_ros: 0.10.0 (/opt/ros/humble/share/ament_cmake_ros/cmake)
[0.788s] -- Using all available rosidl_typesupport_c: rosidl_typesupport_fastrtps_c;rosidl_typesupport_introspection_c
[0.992s] -- Using all available rosidl_typesupport_cpp: rosidl_typesupport_fastrtps_cpp;rosidl_typesupport_introspection_cpp
[1.012s] -- Found python_cmake_module: 0.10.0 (/opt/ros/humble/share/python_cmake_module/cmake)
[1.035s] -- Using PYTHON_EXECUTABLE: /usr/bin/python3
[1.036s] -- Using PYTHON_INCLUDE_DIRS: /usr/include/python3.10
[1.036s] -- Using PYTHON_LIBRARIES: /usr/lib/x86_64-linux-gnu/libpython3.10.so
[1.049s] -- Found rclcpp: 16.0.12 (/opt/ros/humble/share/rclcpp/cmake)
[1.109s] -- Found rmw_implementation_cmake: 6.1.2 (/opt/ros/humble/share/rmw_implementation_cmake/cmake)
[1.113s] -- Found rmw_fastrtps_cpp: 6.2.7 (/opt/ros/humble/share/rmw_fastrtps_cpp/cmake)
[4.455s] -- Using RMW implementation 'rmw_fastrtps_cpp' as default
[4.530s] -- Found ament_lint_auto: 0.12.12 (/opt/ros/humble/share/ament_lint_auto/cmake)
[4.556s] -- Added test 'cppcheck' to perform static code analysis on C / C++ code
[4.556s] -- Configured cppcheck include dirs: 
[4.556s] -- Configured cppcheck exclude dirs and/or files: 
[4.557s] -- Added test 'lint_cmake' to check CMake code style
[4.559s] -- Added test 'uncrustify' to check C / C++ code style
[4.559s] -- Configured uncrustify additional arguments: 
[4.559s] -- Added test 'xmllint' to check XML markup files
[4.564s] -- Configuring done
[4.629s] -- Generating done
[4.643s] -- Build files have been written to: /home/mahmoud/ros2_ws3/build/more_interfaces
[4.672s] [35m[1mConsolidate compiler generated dependencies of target more_interfaces__rosidl_generator_c[0m
[4.682s] [  2%] [32mBuilding CXX object CMakeFiles/subscriber_address_book.dir/src/subscriber_address_book.cpp.o[0m
[4.683s] [  5%] Built target more_interfaces__cpp
[4.686s] [ 14%] Built target more_interfaces__rosidl_generator_c
[4.696s] [35m[1mConsolidate compiler generated dependencies of target more_interfaces__rosidl_typesupport_fastrtps_cpp[0m
[4.696s] [35m[1mConsolidate compiler generated dependencies of target more_interfaces__rosidl_typesupport_introspection_cpp[0m
[4.697s] [35m[1mConsolidate compiler generated dependencies of target more_interfaces__rosidl_typesupport_cpp[0m
[4.697s] [35m[1mConsolidate compiler generated dependencies of target more_interfaces__rosidl_typesupport_introspection_c[0m
[4.698s] [35m[1mConsolidate compiler generated dependencies of target more_interfaces__rosidl_typesupport_fastrtps_c[0m
[4.698s] [35m[1mConsolidate compiler generated dependencies of target more_interfaces__rosidl_typesupport_c[0m
[4.702s] [ 14%] Built target ament_cmake_python_copy_more_interfaces
[4.710s] [ 22%] Built target more_interfaces__rosidl_typesupport_c
[4.711s] [ 48%] Built target more_interfaces__rosidl_typesupport_cpp
[4.711s] [ 48%] Built target more_interfaces__rosidl_typesupport_introspection_cpp
[4.712s] [ 48%] Built target more_interfaces__rosidl_typesupport_fastrtps_cpp
[4.712s] [ 57%] Built target more_interfaces__rosidl_typesupport_introspection_c
[4.712s] [ 65%] Built target more_interfaces__rosidl_typesupport_fastrtps_c
[4.723s] [35m[1mConsolidate compiler generated dependencies of target publish_address_book[0m
[4.737s] [ 65%] Built target more_interfaces
[4.741s] [ 71%] Built target publish_address_book
[4.762s] [ 74%] Built target more_interfaces__py
[4.774s] [35m[1mConsolidate compiler generated dependencies of target more_interfaces__rosidl_generator_py[0m
[4.787s] [ 80%] Built target more_interfaces__rosidl_generator_py
[4.799s] [35m[1mConsolidate compiler generated dependencies of target more_interfaces__rosidl_typesupport_introspection_c__pyext[0m
[4.799s] [35m[1mConsolidate compiler generated dependencies of target more_interfaces__rosidl_typesupport_fastrtps_c__pyext[0m
[4.803s] [35m[1mConsolidate compiler generated dependencies of target more_interfaces__rosidl_typesupport_c__pyext[0m
[4.812s] [ 85%] Built target more_interfaces__rosidl_typesupport_introspection_c__pyext
[4.815s] [ 91%] Built target more_interfaces__rosidl_typesupport_c__pyext
[4.816s] [ 97%] Built target more_interfaces__rosidl_typesupport_fastrtps_c__pyext
[4.956s] running egg_info
[4.957s] writing more_interfaces.egg-info/PKG-INFO
[4.957s] writing dependency_links to more_interfaces.egg-info/dependency_links.txt
[4.957s] writing top-level names to more_interfaces.egg-info/top_level.txt
[4.961s] reading manifest file 'more_interfaces.egg-info/SOURCES.txt'
[4.962s] writing manifest file 'more_interfaces.egg-info/SOURCES.txt'
[4.986s] [ 97%] Built target ament_cmake_python_build_more_interfaces_egg
[5.133s] [01m[K/home/mahmoud/ros2_ws3/src/more_interfaces/src/subscriber_address_book.cpp:19:10:[m[K [01;31m[Kfatal error: [m[Kmore_interfaces/msg/address_book.hpp: No such file or directory
[5.133s]    19 | #include [01;31m[K"more_interfaces/msg/address_book.hpp"[m[K
[5.133s]       |          [01;31m[K^~~~~~~~~~~~~~~~~~~~~~~~~~~~~~~~~~~~~~[m[K
[5.133s] compilation terminated.
[5.136s] gmake[2]: *** [CMakeFiles/subscriber_address_book.dir/build.make:76: CMakeFiles/subscriber_address_book.dir/src/subscriber_address_book.cpp.o] Error 1
[5.136s] gmake[1]: *** [CMakeFiles/Makefile2:621: CMakeFiles/subscriber_address_book.dir/all] Error 2
[5.136s] gmake: *** [Makefile:146: all] Error 2
[5.139s] Invoked command in '/home/mahmoud/ros2_ws3/build/more_interfaces' returned '2': CMAKE_PREFIX_PATH=${CMAKE_PREFIX_PATH}:/opt/ros/humble /usr/bin/cmake --build /home/mahmoud/ros2_ws3/build/more_interfaces -- -j12 -l12
