-- Found ament_cmake: 1.3.11 (/opt/ros/humble/share/ament_cmake/cmake)
-- Found rclcpp: 16.0.12 (/opt/ros/humble/share/rclcpp/cmake)
-- Found rosidl_generator_c: 3.1.6 (/opt/ros/humble/share/rosidl_generator_c/cmake)
-- Found rosidl_adapter: 3.1.6 (/opt/ros/humble/share/rosidl_adapter/cmake)
-- Found rosidl_generator_cpp: 3.1.6 (/opt/ros/humble/share/rosidl_generator_cpp/cmake)
-- Using all available rosidl_typesupport_c: rosidl_typesupport_fastrtps_c;rosidl_typesupport_introspection_c
-- Using all available rosidl_typesupport_cpp: rosidl_typesupport_fastrtps_cpp;rosidl_typesupport_introspection_cpp
-- Found rmw_implementation_cmake: 6.1.2 (/opt/ros/humble/share/rmw_implementation_cmake/cmake)
-- Found rmw_fastrtps_cpp: 6.2.7 (/opt/ros/humble/share/rmw_fastrtps_cpp/cmake)
-- Using RMW implementation 'rmw_fastrtps_cpp' as default
-- Found tutorial_interfaces: 0.0.0 (/home/mahmoud/ros2_ws3/install/tutorial_interfaces/share/tutorial_interfaces/cmake)
-- Found ament_lint_auto: 0.12.12 (/opt/ros/humble/share/ament_lint_auto/cmake)
-- Added test 'cppcheck' to perform static code analysis on C / C++ code
-- Configured cppcheck include dirs: 
-- Configured cppcheck exclude dirs and/or files: 
-- Added test 'lint_cmake' to check CMake code style
-- Added test 'uncrustify' to check C / C++ code style
-- Configured uncrustify additional arguments: 
-- Added test 'xmllint' to check XML markup files
-- Configuring done
-- Generating done
-- Build files have been written to: /home/mahmoud/ros2_ws3/build/cpp_srvcli_threeints
[ 50%] [32mBuilding CXX object CMakeFiles/client_3.dir/src/add_three_ints_client.cpp.o[0m
[ 50%] [32mBuilding CXX object CMakeFiles/server_3.dir/src/add_three_ints_server.cpp.o[0m
[01m[K/home/mahmoud/ros2_ws3/src/cpp_srvcli_threeints/src/add_three_ints_client.cpp:[m[K In function â€˜[01m[Kint main(int, char**)[m[Kâ€™:
[01m[K/home/mahmoud/ros2_ws3/src/cpp_srvcli_threeints/src/add_three_ints_client.cpp:19:37:[m[K [01;31m[Kerror: [m[Kâ€˜[01m[Kexample_interfaces[m[Kâ€™ was not declared in this scope; did you mean â€˜[01m[Krcl_interfaces[m[Kâ€™?
   19 |   auto client = node->create_client<[01;31m[Kexample_interfaces[m[K::srv::AddThreeInts>("add_three_ints");
      |                                     [01;31m[K^~~~~~~~~~~~~~~~~~[m[K
      |                                     [32m[Krcl_interfaces[m[K
[01m[K/home/mahmoud/ros2_ws3/src/cpp_srvcli_threeints/src/add_three_ints_client.cpp:19:23:[m[K [01;31m[Kerror: [m[Kparse error in template argument list
   19 |   auto client = node->[01;31m[Kcreate_client<example_interfaces::srv::AddThreeInts>[m[K("add_three_ints");
      |                       [01;31m[K^~~~~~~~~~~~~~~~~~~~~~~~~~~~~~~~~~~~~~~~~~~~~~~~~~~~[m[K
[01m[K/home/mahmoud/ros2_ws3/src/cpp_srvcli_threeints/src/add_three_ints_client.cpp:19:75:[m[K [01;31m[Kerror: [m[Kno matching function for call to â€˜[01m[Krclcpp::Node::create_client<<expression error> >(const char [15])[m[Kâ€™
   19 |   auto client = [01;31m[Knode->create_client<example_interfaces::srv::AddThreeInts>("add_three_ints")[m[K;
      |                 [01;31m[K~~~~~~~~~~~~~~~~~~~~~~~~~~~~~~~~~~~~~~~~~~~~~~~~~~~~~~~~~~^~~~~~~~~~~~~~~~~~[m[K
In file included from [01m[K/opt/ros/humble/include/rclcpp/rclcpp/executors/single_threaded_executor.hpp:28[m[K,
                 from [01m[K/opt/ros/humble/include/rclcpp/rclcpp/executors.hpp:22[m[K,
                 from [01m[K/opt/ros/humble/include/rclcpp/rclcpp/rclcpp.hpp:155[m[K,
                 from [01m[K/home/mahmoud/ros2_ws3/src/cpp_srvcli_threeints/src/add_three_ints_client.cpp:1[m[K:
[01m[K/opt/ros/humble/include/rclcpp/rclcpp/node.hpp:252:3:[m[K [01;36m[Knote: [m[Kcandidate: â€˜[01m[Ktemplate<class ServiceT> typename rclcpp::Client<ServiceT>::SharedPtr rclcpp::Node::create_client(const string&, const rmw_qos_profile_t&, rclcpp::CallbackGroup::SharedPtr)[m[Kâ€™
  252 |   [01;36m[Kcreate_client[m[K(
      |   [01;36m[K^~~~~~~~~~~~~[m[K
[01m[K/opt/ros/humble/include/rclcpp/rclcpp/node.hpp:252:3:[m[K [01;36m[Knote: [m[K  template argument deduction/substitution failed:
[01m[K/home/mahmoud/ros2_ws3/src/cpp_srvcli_threeints/src/add_three_ints_client.cpp:19:75:[m[K [01;31m[Kerror: [m[Ktemplate argument 1 is invalid
   19 |   auto client = [01;31m[Knode->create_client<example_interfaces::srv::AddThreeInts>("add_three_ints")[m[K;
      |                 [01;31m[K~~~~~~~~~~~~~~~~~~~~~~~~~~~~~~~~~~~~~~~~~~~~~~~~~~~~~~~~~~^~~~~~~~~~~~~~~~~~[m[K
[01m[K/home/mahmoud/ros2_ws3/src/cpp_srvcli_threeints/src/add_three_ints_client.cpp:21:23:[m[K [01;31m[Kerror: [m[Kparse error in template argument list
   21 |   auto request = std::[01;31m[Kmake_shared<example_interfaces::srv::AddThreeInts::Request>[m[K();
      |                       [01;31m[K^~~~~~~~~~~~~~~~~~~~~~~~~~~~~~~~~~~~~~~~~~~~~~~~~~~~~~~~~~~[m[K
[01m[K/home/mahmoud/ros2_ws3/src/cpp_srvcli_threeints/src/add_three_ints_client.cpp:21:82:[m[K [01;31m[Kerror: [m[Kno matching function for call to â€˜[01m[Kmake_shared<example_interfaces>()[m[Kâ€™
   21 |   auto request = [01;31m[Kstd::make_shared<example_interfaces::srv::AddThreeInts::Request>()[m[K;
      |                  [01;31m[K~~~~~~~~~~~~~~~~~~~~~~~~~~~~~~~~~~~~~~~~~~~~~~~~~~~~~~~~~~~~~~~~^~[m[K
In file included from [01m[K/usr/include/c++/11/memory:77[m[K,
                 from [01m[K/opt/ros/humble/include/rclcpp/rclcpp/rclcpp.hpp:153[m[K,
                 from [01m[K/home/mahmoud/ros2_ws3/src/cpp_srvcli_threeints/src/add_three_ints_client.cpp:1[m[K:
[01m[K/usr/include/c++/11/bits/shared_ptr.h:875:5:[m[K [01;36m[Knote: [m[Kcandidate: â€˜[01m[Ktemplate<class _Tp, class ... _Args> std::shared_ptr<_Tp> std::make_shared(_Args&& ...)[m[Kâ€™
  875 |     [01;36m[Kmake_shared[m[K(_Args&&... __args)
      |     [01;36m[K^~~~~~~~~~~[m[K
[01m[K/usr/include/c++/11/bits/shared_ptr.h:875:5:[m[K [01;36m[Knote: [m[K  template argument deduction/substitution failed:
[01m[K/home/mahmoud/ros2_ws3/src/cpp_srvcli_threeints/src/add_three_ints_server.cpp:7:25:[m[K [01;31m[Kerror: [m[Kâ€˜[01m[Kexample_interfaces[m[Kâ€™ was not declared in this scope; did you mean â€˜[01m[Krcl_interfaces[m[Kâ€™?
    7 |   const std::shared_ptr<[01;31m[Kexample_interfaces[m[K::srv::AddThreeInts::Request> request,
      |                         [01;31m[K^~~~~~~~~~~~~~~~~~[m[K
      |                         [32m[Krcl_interfaces[m[K
[01m[K/home/mahmoud/ros2_ws3/src/cpp_srvcli_threeints/src/add_three_ints_server.cpp:7:71:[m[K [01;31m[Kerror: [m[Ktemplate argument 1 is invalid
    7 |   const std::shared_ptr<example_interfaces::srv::AddThreeInts::Request[01;31m[K>[m[K request,
      |                                                                       [01;31m[K^[m[K
[01m[K/home/mahmoud/ros2_ws3/src/cpp_srvcli_threeints/src/add_three_ints_server.cpp:7:25:[m[K [01;31m[Kerror: [m[Kâ€˜[01m[Kexample_interfaces[m[Kâ€™ was not declared in this scope; did you mean â€˜[01m[Krcl_interfaces[m[Kâ€™?
    7 |   const std::shared_ptr<[01;31m[Kexample_interfaces[m[K::srv::AddThreeInts::Request> request,
      |                         [01;31m[K^~~~~~~~~~~~~~~~~~[m[K
      |                         [32m[Krcl_interfaces[m[K
[01m[K/home/mahmoud/ros2_ws3/src/cpp_srvcli_threeints/src/add_three_ints_server.cpp:7:71:[m[K [01;31m[Kerror: [m[Ktemplate argument 1 is invalid
    7 |   const std::shared_ptr<example_interfaces::srv::AddThreeInts::Request[01;31m[K>[m[K request,
      |                                                                       [01;31m[K^[m[K
[01m[K/home/mahmoud/ros2_ws3/src/cpp_srvcli_threeints/src/add_three_ints_server.cpp:7:25:[m[K [01;31m[Kerror: [m[Kâ€˜[01m[Kexample_interfaces[m[Kâ€™ was not declared in this scope; did you mean â€˜[01m[Krcl_interfaces[m[Kâ€™?
    7 |   const std::shared_ptr<[01;31m[Kexample_interfaces[m[K::srv::AddThreeInts::Request> request,
      |                         [01;31m[K^~~~~~~~~~~~~~~~~~[m[K
      |                         [32m[Krcl_interfaces[m[K
[01m[K/home/mahmoud/ros2_ws3/src/cpp_srvcli_threeints/src/add_three_ints_server.cpp:7:71:[m[K [01;31m[Kerror: [m[Ktemplate argument 1 is invalid
    7 |   const std::shared_ptr<example_interfaces::srv::AddThreeInts::Request[01;31m[K>[m[K request,
      |                                                                       [01;31m[K^[m[K
[01m[K/home/mahmoud/ros2_ws3/src/cpp_srvcli_threeints/src/add_three_ints_server.cpp:7:9:[m[K [01;31m[Kerror: [m[Kinvalid template-id
    7 |   const [01;31m[Kstd[m[K::shared_ptr<example_interfaces::srv::AddThreeInts::Request> request,
      |         [01;31m[K^~~[m[K
[01m[K/home/mahmoud/ros2_ws3/src/cpp_srvcli_threeints/src/add_three_ints_server.cpp:7:25:[m[K [01;31m[Kerror: [m[Kâ€˜[01m[Kexample_interfaces[m[Kâ€™ was not declared in this scope; did you mean â€˜[01m[Krcl_interfaces[m[Kâ€™?
    7 |   const std::shared_ptr<[01;31m[Kexample_interfaces[m[K::srv::AddThreeInts::Request> request,
      |                         [01;31m[K^~~~~~~~~~~~~~~~~~[m[K
      |                         [32m[Krcl_interfaces[m[K
[01m[K/home/mahmoud/ros2_ws3/src/cpp_srvcli_threeints/src/add_three_ints_server.cpp:6:6:[m[K [01;31m[Kerror: [m[Kvariable or field â€˜[01m[Khandle_add_three_ints[m[Kâ€™ declared void
    6 | void [01;31m[Khandle_add_three_ints[m[K(
      |      [01;31m[K^~~~~~~~~~~~~~~~~~~~~[m[K
[01m[K/home/mahmoud/ros2_ws3/src/cpp_srvcli_threeints/src/add_three_ints_server.cpp:7:3:[m[K [01;31m[Kerror: [m[Kexpected primary-expression before â€˜[01m[Kconst[m[Kâ€™
    7 |   [01;31m[Kconst[m[K std::shared_ptr<example_interfaces::srv::AddThreeInts::Request> request,
      |   [01;31m[K^~~~~[m[K
[01m[K/home/mahmoud/ros2_ws3/src/cpp_srvcli_threeints/src/add_three_ints_server.cpp:8:19:[m[K [01;31m[Kerror: [m[Kâ€˜[01m[Kexample_interfaces[m[Kâ€™ was not declared in this scope; did you mean â€˜[01m[Krcl_interfaces[m[Kâ€™?
    8 |   std::shared_ptr<[01;31m[Kexample_interfaces[m[K::srv::AddThreeInts::Response> response)
      |                   [01;31m[K^~~~~~~~~~~~~~~~~~[m[K
      |                   [32m[Krcl_interfaces[m[K
[01m[K/home/mahmoud/ros2_ws3/src/cpp_srvcli_threeints/src/add_three_ints_server.cpp:8:66:[m[K [01;31m[Kerror: [m[Ktemplate argument 1 is invalid
    8 |   std::shared_ptr<example_interfaces::srv::AddThreeInts::Response[01;31m[K>[m[K response)
      |                                                                  [01;31m[K^[m[K
[01m[K/home/mahmoud/ros2_ws3/src/cpp_srvcli_threeints/src/add_three_ints_server.cpp:[m[K In function â€˜[01m[Kint main(int, char**)[m[Kâ€™:
[01m[K/home/mahmoud/ros2_ws3/src/cpp_srvcli_threeints/src/add_three_ints_server.cpp:21:39:[m[K [01;31m[Kerror: [m[Kâ€˜[01m[Kexample_interfaces[m[Kâ€™ was not declared in this scope; did you mean â€˜[01m[Krcl_interfaces[m[Kâ€™?
   21 |   auto service = node->create_service<[01;31m[Kexample_interfaces[m[K::srv::AddThreeInts>(
      |                                       [01;31m[K^~~~~~~~~~~~~~~~~~[m[K
      |                                       [32m[Krcl_interfaces[m[K
[01m[K/home/mahmoud/ros2_ws3/src/cpp_srvcli_threeints/src/add_three_ints_server.cpp:21:24:[m[K [01;31m[Kerror: [m[Kparse error in template argument list
   21 |   auto service = node->[01;31m[Kcreate_service<example_interfaces::srv::AddThreeInts>[m[K(
      |                        [01;31m[K^~~~~~~~~~~~~~~~~~~~~~~~~~~~~~~~~~~~~~~~~~~~~~~~~~~~~[m[K
[01m[K/home/mahmoud/ros2_ws3/src/cpp_srvcli_threeints/src/add_three_ints_server.cpp:22:24:[m[K [01;31m[Kerror: [m[Kâ€˜[01m[Khandle_add_three_ints[m[Kâ€™ was not declared in this scope
   22 |     "add_three_ints", &[01;31m[Khandle_add_three_ints[m[K);
      |                        [01;31m[K^~~~~~~~~~~~~~~~~~~~~[m[K
gmake[2]: *** [CMakeFiles/client_3.dir/build.make:76: CMakeFiles/client_3.dir/src/add_three_ints_client.cpp.o] Error 1
gmake[1]: *** [CMakeFiles/Makefile2:165: CMakeFiles/client_3.dir/all] Error 2
gmake[1]: *** Waiting for unfinished jobs....
gmake[2]: *** [CMakeFiles/server_3.dir/build.make:76: CMakeFiles/server_3.dir/src/add_three_ints_server.cpp.o] Error 1
gmake[1]: *** [CMakeFiles/Makefile2:139: CMakeFiles/server_3.dir/all] Error 2
gmake: *** [Makefile:146: all] Error 2
