[0.061s] Invoking command in '/home/mahmoud/ros2_ws3/build/cpp_srvcli_threeints': CMAKE_PREFIX_PATH=${CMAKE_PREFIX_PATH}:/opt/ros/humble /usr/bin/cmake /home/mahmoud/ros2_ws3/src/cpp_srvcli_threeints -DCMAKE_INSTALL_PREFIX=/home/mahmoud/ros2_ws3/install/cpp_srvcli_threeints
[0.070s] -- Found ament_cmake: 1.3.11 (/opt/ros/humble/share/ament_cmake/cmake)
[0.178s] -- Found rclcpp: 16.0.12 (/opt/ros/humble/share/rclcpp/cmake)
[0.294s] -- Found rosidl_generator_c: 3.1.6 (/opt/ros/humble/share/rosidl_generator_c/cmake)
[0.296s] -- Found rosidl_adapter: 3.1.6 (/opt/ros/humble/share/rosidl_adapter/cmake)
[0.301s] -- Found rosidl_generator_cpp: 3.1.6 (/opt/ros/humble/share/rosidl_generator_cpp/cmake)
[0.310s] -- Using all available rosidl_typesupport_c: rosidl_typesupport_fastrtps_c;rosidl_typesupport_introspection_c
[0.321s] -- Using all available rosidl_typesupport_cpp: rosidl_typesupport_fastrtps_cpp;rosidl_typesupport_introspection_cpp
[0.349s] -- Found rmw_implementation_cmake: 6.1.2 (/opt/ros/humble/share/rmw_implementation_cmake/cmake)
[0.350s] -- Found rmw_fastrtps_cpp: 6.2.7 (/opt/ros/humble/share/rmw_fastrtps_cpp/cmake)
[3.594s] -- Using RMW implementation 'rmw_fastrtps_cpp' as default
[3.636s] -- Found tutorial_interfaces: 0.0.0 (/home/mahmoud/ros2_ws3/install/tutorial_interfaces/share/tutorial_interfaces/cmake)
[3.668s] -- Found ament_lint_auto: 0.12.12 (/opt/ros/humble/share/ament_lint_auto/cmake)
[3.753s] -- Added test 'cppcheck' to perform static code analysis on C / C++ code
[3.754s] -- Configured cppcheck include dirs: 
[3.754s] -- Configured cppcheck exclude dirs and/or files: 
[3.755s] -- Added test 'lint_cmake' to check CMake code style
[3.756s] -- Added test 'uncrustify' to check C / C++ code style
[3.756s] -- Configured uncrustify additional arguments: 
[3.758s] -- Added test 'xmllint' to check XML markup files
[3.759s] -- Configuring done
[3.775s] -- Generating done
[3.780s] -- Build files have been written to: /home/mahmoud/ros2_ws3/build/cpp_srvcli_threeints
[3.786s] Invoked command in '/home/mahmoud/ros2_ws3/build/cpp_srvcli_threeints' returned '0': CMAKE_PREFIX_PATH=${CMAKE_PREFIX_PATH}:/opt/ros/humble /usr/bin/cmake /home/mahmoud/ros2_ws3/src/cpp_srvcli_threeints -DCMAKE_INSTALL_PREFIX=/home/mahmoud/ros2_ws3/install/cpp_srvcli_threeints
[3.789s] Invoking command in '/home/mahmoud/ros2_ws3/build/cpp_srvcli_threeints': CMAKE_PREFIX_PATH=${CMAKE_PREFIX_PATH}:/opt/ros/humble /usr/bin/cmake --build /home/mahmoud/ros2_ws3/build/cpp_srvcli_threeints -- -j12 -l12
[3.830s] [ 50%] [32mBuilding CXX object CMakeFiles/client_3.dir/src/add_three_ints_client.cpp.o[0m
[3.831s] [ 50%] [32mBuilding CXX object CMakeFiles/server_3.dir/src/add_three_ints_server.cpp.o[0m
[6.481s] [01m[K/home/mahmoud/ros2_ws3/src/cpp_srvcli_threeints/src/add_three_ints_client.cpp:[m[K In function â€˜[01m[Kint main(int, char**)[m[Kâ€™:
[6.481s] [01m[K/home/mahmoud/ros2_ws3/src/cpp_srvcli_threeints/src/add_three_ints_client.cpp:19:37:[m[K [01;31m[Kerror: [m[Kâ€˜[01m[Kexample_interfaces[m[Kâ€™ was not declared in this scope; did you mean â€˜[01m[Krcl_interfaces[m[Kâ€™?
[6.481s]    19 |   auto client = node->create_client<[01;31m[Kexample_interfaces[m[K::srv::AddThreeInts>("add_three_ints");
[6.481s]       |                                     [01;31m[K^~~~~~~~~~~~~~~~~~[m[K
[6.481s]       |                                     [32m[Krcl_interfaces[m[K
[6.481s] [01m[K/home/mahmoud/ros2_ws3/src/cpp_srvcli_threeints/src/add_three_ints_client.cpp:19:23:[m[K [01;31m[Kerror: [m[Kparse error in template argument list
[6.481s]    19 |   auto client = node->[01;31m[Kcreate_client<example_interfaces::srv::AddThreeInts>[m[K("add_three_ints");
[6.481s]       |                       [01;31m[K^~~~~~~~~~~~~~~~~~~~~~~~~~~~~~~~~~~~~~~~~~~~~~~~~~~~[m[K
[6.481s] [01m[K/home/mahmoud/ros2_ws3/src/cpp_srvcli_threeints/src/add_three_ints_client.cpp:19:75:[m[K [01;31m[Kerror: [m[Kno matching function for call to â€˜[01m[Krclcpp::Node::create_client<<expression error> >(const char [15])[m[Kâ€™
[6.481s]    19 |   auto client = [01;31m[Knode->create_client<example_interfaces::srv::AddThreeInts>("add_three_ints")[m[K;
[6.482s]       |                 [01;31m[K~~~~~~~~~~~~~~~~~~~~~~~~~~~~~~~~~~~~~~~~~~~~~~~~~~~~~~~~~~^~~~~~~~~~~~~~~~~~[m[K
[6.482s] In file included from [01m[K/opt/ros/humble/include/rclcpp/rclcpp/executors/single_threaded_executor.hpp:28[m[K,
[6.482s]                  from [01m[K/opt/ros/humble/include/rclcpp/rclcpp/executors.hpp:22[m[K,
[6.482s]                  from [01m[K/opt/ros/humble/include/rclcpp/rclcpp/rclcpp.hpp:155[m[K,
[6.482s]                  from [01m[K/home/mahmoud/ros2_ws3/src/cpp_srvcli_threeints/src/add_three_ints_client.cpp:1[m[K:
[6.482s] [01m[K/opt/ros/humble/include/rclcpp/rclcpp/node.hpp:252:3:[m[K [01;36m[Knote: [m[Kcandidate: â€˜[01m[Ktemplate<class ServiceT> typename rclcpp::Client<ServiceT>::SharedPtr rclcpp::Node::create_client(const string&, const rmw_qos_profile_t&, rclcpp::CallbackGroup::SharedPtr)[m[Kâ€™
[6.482s]   252 |   [01;36m[Kcreate_client[m[K(
[6.482s]       |   [01;36m[K^~~~~~~~~~~~~[m[K
[6.482s] [01m[K/opt/ros/humble/include/rclcpp/rclcpp/node.hpp:252:3:[m[K [01;36m[Knote: [m[K  template argument deduction/substitution failed:
[6.482s] [01m[K/home/mahmoud/ros2_ws3/src/cpp_srvcli_threeints/src/add_three_ints_client.cpp:19:75:[m[K [01;31m[Kerror: [m[Ktemplate argument 1 is invalid
[6.482s]    19 |   auto client = [01;31m[Knode->create_client<example_interfaces::srv::AddThreeInts>("add_three_ints")[m[K;
[6.482s]       |                 [01;31m[K~~~~~~~~~~~~~~~~~~~~~~~~~~~~~~~~~~~~~~~~~~~~~~~~~~~~~~~~~~^~~~~~~~~~~~~~~~~~[m[K
[6.482s] [01m[K/home/mahmoud/ros2_ws3/src/cpp_srvcli_threeints/src/add_three_ints_client.cpp:21:23:[m[K [01;31m[Kerror: [m[Kparse error in template argument list
[6.483s]    21 |   auto request = std::[01;31m[Kmake_shared<example_interfaces::srv::AddThreeInts::Request>[m[K();
[6.483s]       |                       [01;31m[K^~~~~~~~~~~~~~~~~~~~~~~~~~~~~~~~~~~~~~~~~~~~~~~~~~~~~~~~~~~[m[K
[6.483s] [01m[K/home/mahmoud/ros2_ws3/src/cpp_srvcli_threeints/src/add_three_ints_client.cpp:21:82:[m[K [01;31m[Kerror: [m[Kno matching function for call to â€˜[01m[Kmake_shared<example_interfaces>()[m[Kâ€™
[6.483s]    21 |   auto request = [01;31m[Kstd::make_shared<example_interfaces::srv::AddThreeInts::Request>()[m[K;
[6.483s]       |                  [01;31m[K~~~~~~~~~~~~~~~~~~~~~~~~~~~~~~~~~~~~~~~~~~~~~~~~~~~~~~~~~~~~~~~~^~[m[K
[6.483s] In file included from [01m[K/usr/include/c++/11/memory:77[m[K,
[6.483s]                  from [01m[K/opt/ros/humble/include/rclcpp/rclcpp/rclcpp.hpp:153[m[K,
[6.483s]                  from [01m[K/home/mahmoud/ros2_ws3/src/cpp_srvcli_threeints/src/add_three_ints_client.cpp:1[m[K:
[6.483s] [01m[K/usr/include/c++/11/bits/shared_ptr.h:875:5:[m[K [01;36m[Knote: [m[Kcandidate: â€˜[01m[Ktemplate<class _Tp, class ... _Args> std::shared_ptr<_Tp> std::make_shared(_Args&& ...)[m[Kâ€™
[6.483s]   875 |     [01;36m[Kmake_shared[m[K(_Args&&... __args)
[6.483s]       |     [01;36m[K^~~~~~~~~~~[m[K
[6.483s] [01m[K/usr/include/c++/11/bits/shared_ptr.h:875:5:[m[K [01;36m[Knote: [m[K  template argument deduction/substitution failed:
[6.596s] [01m[K/home/mahmoud/ros2_ws3/src/cpp_srvcli_threeints/src/add_three_ints_server.cpp:7:25:[m[K [01;31m[Kerror: [m[Kâ€˜[01m[Kexample_interfaces[m[Kâ€™ was not declared in this scope; did you mean â€˜[01m[Krcl_interfaces[m[Kâ€™?
[6.596s]     7 |   const std::shared_ptr<[01;31m[Kexample_interfaces[m[K::srv::AddThreeInts::Request> request,
[6.596s]       |                         [01;31m[K^~~~~~~~~~~~~~~~~~[m[K
[6.596s]       |                         [32m[Krcl_interfaces[m[K
[6.597s] [01m[K/home/mahmoud/ros2_ws3/src/cpp_srvcli_threeints/src/add_three_ints_server.cpp:7:71:[m[K [01;31m[Kerror: [m[Ktemplate argument 1 is invalid
[6.597s]     7 |   const std::shared_ptr<example_interfaces::srv::AddThreeInts::Request[01;31m[K>[m[K request,
[6.597s]       |                                                                       [01;31m[K^[m[K
[6.601s] [01m[K/home/mahmoud/ros2_ws3/src/cpp_srvcli_threeints/src/add_three_ints_server.cpp:7:25:[m[K [01;31m[Kerror: [m[Kâ€˜[01m[Kexample_interfaces[m[Kâ€™ was not declared in this scope; did you mean â€˜[01m[Krcl_interfaces[m[Kâ€™?
[6.601s]     7 |   const std::shared_ptr<[01;31m[Kexample_interfaces[m[K::srv::AddThreeInts::Request> request,
[6.601s]       |                         [01;31m[K^~~~~~~~~~~~~~~~~~[m[K
[6.602s]       |                         [32m[Krcl_interfaces[m[K
[6.602s] [01m[K/home/mahmoud/ros2_ws3/src/cpp_srvcli_threeints/src/add_three_ints_server.cpp:7:71:[m[K [01;31m[Kerror: [m[Ktemplate argument 1 is invalid
[6.602s]     7 |   const std::shared_ptr<example_interfaces::srv::AddThreeInts::Request[01;31m[K>[m[K request,
[6.602s]       |                                                                       [01;31m[K^[m[K
[6.607s] [01m[K/home/mahmoud/ros2_ws3/src/cpp_srvcli_threeints/src/add_three_ints_server.cpp:7:25:[m[K [01;31m[Kerror: [m[Kâ€˜[01m[Kexample_interfaces[m[Kâ€™ was not declared in this scope; did you mean â€˜[01m[Krcl_interfaces[m[Kâ€™?
[6.607s]     7 |   const std::shared_ptr<[01;31m[Kexample_interfaces[m[K::srv::AddThreeInts::Request> request,
[6.607s]       |                         [01;31m[K^~~~~~~~~~~~~~~~~~[m[K
[6.607s]       |                         [32m[Krcl_interfaces[m[K
[6.607s] [01m[K/home/mahmoud/ros2_ws3/src/cpp_srvcli_threeints/src/add_three_ints_server.cpp:7:71:[m[K [01;31m[Kerror: [m[Ktemplate argument 1 is invalid
[6.607s]     7 |   const std::shared_ptr<example_interfaces::srv::AddThreeInts::Request[01;31m[K>[m[K request,
[6.607s]       |                                                                       [01;31m[K^[m[K
[6.607s] [01m[K/home/mahmoud/ros2_ws3/src/cpp_srvcli_threeints/src/add_three_ints_server.cpp:7:9:[m[K [01;31m[Kerror: [m[Kinvalid template-id
[6.607s]     7 |   const [01;31m[Kstd[m[K::shared_ptr<example_interfaces::srv::AddThreeInts::Request> request,
[6.607s]       |         [01;31m[K^~~[m[K
[6.612s] [01m[K/home/mahmoud/ros2_ws3/src/cpp_srvcli_threeints/src/add_three_ints_server.cpp:7:25:[m[K [01;31m[Kerror: [m[Kâ€˜[01m[Kexample_interfaces[m[Kâ€™ was not declared in this scope; did you mean â€˜[01m[Krcl_interfaces[m[Kâ€™?
[6.612s]     7 |   const std::shared_ptr<[01;31m[Kexample_interfaces[m[K::srv::AddThreeInts::Request> request,
[6.612s]       |                         [01;31m[K^~~~~~~~~~~~~~~~~~[m[K
[6.612s]       |                         [32m[Krcl_interfaces[m[K
[6.612s] [01m[K/home/mahmoud/ros2_ws3/src/cpp_srvcli_threeints/src/add_three_ints_server.cpp:6:6:[m[K [01;31m[Kerror: [m[Kvariable or field â€˜[01m[Khandle_add_three_ints[m[Kâ€™ declared void
[6.612s]     6 | void [01;31m[Khandle_add_three_ints[m[K(
[6.612s]       |      [01;31m[K^~~~~~~~~~~~~~~~~~~~~[m[K
[6.612s] [01m[K/home/mahmoud/ros2_ws3/src/cpp_srvcli_threeints/src/add_three_ints_server.cpp:7:3:[m[K [01;31m[Kerror: [m[Kexpected primary-expression before â€˜[01m[Kconst[m[Kâ€™
[6.612s]     7 |   [01;31m[Kconst[m[K std::shared_ptr<example_interfaces::srv::AddThreeInts::Request> request,
[6.612s]       |   [01;31m[K^~~~~[m[K
[6.617s] [01m[K/home/mahmoud/ros2_ws3/src/cpp_srvcli_threeints/src/add_three_ints_server.cpp:8:19:[m[K [01;31m[Kerror: [m[Kâ€˜[01m[Kexample_interfaces[m[Kâ€™ was not declared in this scope; did you mean â€˜[01m[Krcl_interfaces[m[Kâ€™?
[6.617s]     8 |   std::shared_ptr<[01;31m[Kexample_interfaces[m[K::srv::AddThreeInts::Response> response)
[6.617s]       |                   [01;31m[K^~~~~~~~~~~~~~~~~~[m[K
[6.617s]       |                   [32m[Krcl_interfaces[m[K
[6.617s] [01m[K/home/mahmoud/ros2_ws3/src/cpp_srvcli_threeints/src/add_three_ints_server.cpp:8:66:[m[K [01;31m[Kerror: [m[Ktemplate argument 1 is invalid
[6.617s]     8 |   std::shared_ptr<example_interfaces::srv::AddThreeInts::Response[01;31m[K>[m[K response)
[6.617s]       |                                                                  [01;31m[K^[m[K
[6.621s] [01m[K/home/mahmoud/ros2_ws3/src/cpp_srvcli_threeints/src/add_three_ints_server.cpp:[m[K In function â€˜[01m[Kint main(int, char**)[m[Kâ€™:
[6.621s] [01m[K/home/mahmoud/ros2_ws3/src/cpp_srvcli_threeints/src/add_three_ints_server.cpp:21:39:[m[K [01;31m[Kerror: [m[Kâ€˜[01m[Kexample_interfaces[m[Kâ€™ was not declared in this scope; did you mean â€˜[01m[Krcl_interfaces[m[Kâ€™?
[6.621s]    21 |   auto service = node->create_service<[01;31m[Kexample_interfaces[m[K::srv::AddThreeInts>(
[6.622s]       |                                       [01;31m[K^~~~~~~~~~~~~~~~~~[m[K
[6.622s]       |                                       [32m[Krcl_interfaces[m[K
[6.622s] [01m[K/home/mahmoud/ros2_ws3/src/cpp_srvcli_threeints/src/add_three_ints_server.cpp:21:24:[m[K [01;31m[Kerror: [m[Kparse error in template argument list
[6.622s]    21 |   auto service = node->[01;31m[Kcreate_service<example_interfaces::srv::AddThreeInts>[m[K(
[6.622s]       |                        [01;31m[K^~~~~~~~~~~~~~~~~~~~~~~~~~~~~~~~~~~~~~~~~~~~~~~~~~~~~[m[K
[6.627s] [01m[K/home/mahmoud/ros2_ws3/src/cpp_srvcli_threeints/src/add_three_ints_server.cpp:22:24:[m[K [01;31m[Kerror: [m[Kâ€˜[01m[Khandle_add_three_ints[m[Kâ€™ was not declared in this scope
[6.628s]    22 |     "add_three_ints", &[01;31m[Khandle_add_three_ints[m[K);
[6.628s]       |                        [01;31m[K^~~~~~~~~~~~~~~~~~~~~[m[K
[6.908s] gmake[2]: *** [CMakeFiles/client_3.dir/build.make:76: CMakeFiles/client_3.dir/src/add_three_ints_client.cpp.o] Error 1
[6.908s] gmake[1]: *** [CMakeFiles/Makefile2:165: CMakeFiles/client_3.dir/all] Error 2
[6.908s] gmake[1]: *** Waiting for unfinished jobs....
[7.049s] gmake[2]: *** [CMakeFiles/server_3.dir/build.make:76: CMakeFiles/server_3.dir/src/add_three_ints_server.cpp.o] Error 1
[7.050s] gmake[1]: *** [CMakeFiles/Makefile2:139: CMakeFiles/server_3.dir/all] Error 2
[7.050s] gmake: *** [Makefile:146: all] Error 2
[7.052s] Invoked command in '/home/mahmoud/ros2_ws3/build/cpp_srvcli_threeints' returned '2': CMAKE_PREFIX_PATH=${CMAKE_PREFIX_PATH}:/opt/ros/humble /usr/bin/cmake --build /home/mahmoud/ros2_ws3/build/cpp_srvcli_threeints -- -j12 -l12
