[0.067s] Invoking command in '/home/mahmoud/ros2_ws3/build/cpp_srvcli_threeints': CMAKE_PREFIX_PATH=${CMAKE_PREFIX_PATH}:/opt/ros/humble /usr/bin/cmake --build /home/mahmoud/ros2_ws3/build/cpp_srvcli_threeints -- -j12 -l12
[0.158s] [35m[1mConsolidate compiler generated dependencies of target client_3[0m
[0.158s] [35m[1mConsolidate compiler generated dependencies of target server_3[0m
[0.174s] [ 50%] [32mBuilding CXX object CMakeFiles/client_3.dir/src/add_three_ints_client.cpp.o[0m
[0.174s] [ 50%] [32mBuilding CXX object CMakeFiles/server_3.dir/src/add_three_ints_server.cpp.o[0m
[2.791s] [01m[K/home/mahmoud/ros2_ws3/src/cpp_srvcli_threeints/src/add_three_ints_server.cpp:7:25:[m[K [01;31m[Kerror: [m[Kâ€˜[01m[Kexample_interfaces[m[Kâ€™ was not declared in this scope; did you mean â€˜[01m[Krcl_interfaces[m[Kâ€™?
[2.791s]     7 |   const std::shared_ptr<[01;31m[Kexample_interfaces[m[K::srv::AddThreeInts::Request> request,
[2.791s]       |                         [01;31m[K^~~~~~~~~~~~~~~~~~[m[K
[2.791s]       |                         [32m[Krcl_interfaces[m[K
[2.791s] [01m[K/home/mahmoud/ros2_ws3/src/cpp_srvcli_threeints/src/add_three_ints_server.cpp:7:71:[m[K [01;31m[Kerror: [m[Ktemplate argument 1 is invalid
[2.791s]     7 |   const std::shared_ptr<example_interfaces::srv::AddThreeInts::Request[01;31m[K>[m[K request,
[2.792s]       |                                                                       [01;31m[K^[m[K
[2.796s] [01m[K/home/mahmoud/ros2_ws3/src/cpp_srvcli_threeints/src/add_three_ints_server.cpp:7:25:[m[K [01;31m[Kerror: [m[Kâ€˜[01m[Kexample_interfaces[m[Kâ€™ was not declared in this scope; did you mean â€˜[01m[Krcl_interfaces[m[Kâ€™?
[2.796s]     7 |   const std::shared_ptr<[01;31m[Kexample_interfaces[m[K::srv::AddThreeInts::Request> request,
[2.796s]       |                         [01;31m[K^~~~~~~~~~~~~~~~~~[m[K
[2.796s]       |                         [32m[Krcl_interfaces[m[K
[2.796s] [01m[K/home/mahmoud/ros2_ws3/src/cpp_srvcli_threeints/src/add_three_ints_server.cpp:7:71:[m[K [01;31m[Kerror: [m[Ktemplate argument 1 is invalid
[2.796s]     7 |   const std::shared_ptr<example_interfaces::srv::AddThreeInts::Request[01;31m[K>[m[K request,
[2.796s]       |                                                                       [01;31m[K^[m[K
[2.800s] [01m[K/home/mahmoud/ros2_ws3/src/cpp_srvcli_threeints/src/add_three_ints_server.cpp:7:25:[m[K [01;31m[Kerror: [m[Kâ€˜[01m[Kexample_interfaces[m[Kâ€™ was not declared in this scope; did you mean â€˜[01m[Krcl_interfaces[m[Kâ€™?
[2.800s]     7 |   const std::shared_ptr<[01;31m[Kexample_interfaces[m[K::srv::AddThreeInts::Request> request,
[2.800s]       |                         [01;31m[K^~~~~~~~~~~~~~~~~~[m[K
[2.800s]       |                         [32m[Krcl_interfaces[m[K
[2.800s] [01m[K/home/mahmoud/ros2_ws3/src/cpp_srvcli_threeints/src/add_three_ints_server.cpp:7:71:[m[K [01;31m[Kerror: [m[Ktemplate argument 1 is invalid
[2.800s]     7 |   const std::shared_ptr<example_interfaces::srv::AddThreeInts::Request[01;31m[K>[m[K request,
[2.801s]       |                                                                       [01;31m[K^[m[K
[2.801s] [01m[K/home/mahmoud/ros2_ws3/src/cpp_srvcli_threeints/src/add_three_ints_server.cpp:7:9:[m[K [01;31m[Kerror: [m[Kinvalid template-id
[2.801s]     7 |   const [01;31m[Kstd[m[K::shared_ptr<example_interfaces::srv::AddThreeInts::Request> request,
[2.801s]       |         [01;31m[K^~~[m[K
[2.805s] [01m[K/home/mahmoud/ros2_ws3/src/cpp_srvcli_threeints/src/add_three_ints_server.cpp:7:25:[m[K [01;31m[Kerror: [m[Kâ€˜[01m[Kexample_interfaces[m[Kâ€™ was not declared in this scope; did you mean â€˜[01m[Krcl_interfaces[m[Kâ€™?
[2.805s]     7 |   const std::shared_ptr<[01;31m[Kexample_interfaces[m[K::srv::AddThreeInts::Request> request,
[2.805s]       |                         [01;31m[K^~~~~~~~~~~~~~~~~~[m[K
[2.805s]       |                         [32m[Krcl_interfaces[m[K
[2.805s] [01m[K/home/mahmoud/ros2_ws3/src/cpp_srvcli_threeints/src/add_three_ints_server.cpp:6:6:[m[K [01;31m[Kerror: [m[Kvariable or field â€˜[01m[Khandle_add_three_ints[m[Kâ€™ declared void
[2.805s]     6 | void [01;31m[Khandle_add_three_ints[m[K(
[2.805s]       |      [01;31m[K^~~~~~~~~~~~~~~~~~~~~[m[K
[2.805s] [01m[K/home/mahmoud/ros2_ws3/src/cpp_srvcli_threeints/src/add_three_ints_server.cpp:7:3:[m[K [01;31m[Kerror: [m[Kexpected primary-expression before â€˜[01m[Kconst[m[Kâ€™
[2.805s]     7 |   [01;31m[Kconst[m[K std::shared_ptr<example_interfaces::srv::AddThreeInts::Request> request,
[2.805s]       |   [01;31m[K^~~~~[m[K
[2.809s] [01m[K/home/mahmoud/ros2_ws3/src/cpp_srvcli_threeints/src/add_three_ints_server.cpp:8:19:[m[K [01;31m[Kerror: [m[Kâ€˜[01m[Kexample_interfaces[m[Kâ€™ was not declared in this scope; did you mean â€˜[01m[Krcl_interfaces[m[Kâ€™?
[2.809s]     8 |   std::shared_ptr<[01;31m[Kexample_interfaces[m[K::srv::AddThreeInts::Response> response)
[2.809s]       |                   [01;31m[K^~~~~~~~~~~~~~~~~~[m[K
[2.810s]       |                   [32m[Krcl_interfaces[m[K
[2.810s] [01m[K/home/mahmoud/ros2_ws3/src/cpp_srvcli_threeints/src/add_three_ints_server.cpp:8:66:[m[K [01;31m[Kerror: [m[Ktemplate argument 1 is invalid
[2.810s]     8 |   std::shared_ptr<example_interfaces::srv::AddThreeInts::Response[01;31m[K>[m[K response)
[2.810s]       |                                                                  [01;31m[K^[m[K
[2.815s] [01m[K/home/mahmoud/ros2_ws3/src/cpp_srvcli_threeints/src/add_three_ints_server.cpp:[m[K In function â€˜[01m[Kint main(int, char**)[m[Kâ€™:
[2.816s] [01m[K/home/mahmoud/ros2_ws3/src/cpp_srvcli_threeints/src/add_three_ints_server.cpp:22:24:[m[K [01;31m[Kerror: [m[Kâ€˜[01m[Khandle_add_three_ints[m[Kâ€™ was not declared in this scope
[2.816s]    22 |     "add_three_ints", &[01;31m[Khandle_add_three_ints[m[K);
[2.816s]       |                        [01;31m[K^~~~~~~~~~~~~~~~~~~~~[m[K
[2.830s] [01m[K/home/mahmoud/ros2_ws3/src/cpp_srvcli_threeints/src/add_three_ints_client.cpp:[m[K In function â€˜[01m[Kint main(int, char**)[m[Kâ€™:
[2.830s] [01m[K/home/mahmoud/ros2_ws3/src/cpp_srvcli_threeints/src/add_three_ints_client.cpp:19:37:[m[K [01;31m[Kerror: [m[Kâ€˜[01m[Kexample_interfaces[m[Kâ€™ was not declared in this scope; did you mean â€˜[01m[Krcl_interfaces[m[Kâ€™?
[2.830s]    19 |   auto client = node->create_client<[01;31m[Kexample_interfaces[m[K::srv::AddThreeInts>("add_three_ints");
[2.830s]       |                                     [01;31m[K^~~~~~~~~~~~~~~~~~[m[K
[2.830s]       |                                     [32m[Krcl_interfaces[m[K
[2.830s] [01m[K/home/mahmoud/ros2_ws3/src/cpp_srvcli_threeints/src/add_three_ints_client.cpp:19:23:[m[K [01;31m[Kerror: [m[Kparse error in template argument list
[2.830s]    19 |   auto client = node->[01;31m[Kcreate_client<example_interfaces::srv::AddThreeInts>[m[K("add_three_ints");
[2.830s]       |                       [01;31m[K^~~~~~~~~~~~~~~~~~~~~~~~~~~~~~~~~~~~~~~~~~~~~~~~~~~~[m[K
[2.830s] [01m[K/home/mahmoud/ros2_ws3/src/cpp_srvcli_threeints/src/add_three_ints_client.cpp:19:75:[m[K [01;31m[Kerror: [m[Kno matching function for call to â€˜[01m[Krclcpp::Node::create_client<<expression error> >(const char [15])[m[Kâ€™
[2.830s]    19 |   auto client = [01;31m[Knode->create_client<example_interfaces::srv::AddThreeInts>("add_three_ints")[m[K;
[2.830s]       |                 [01;31m[K~~~~~~~~~~~~~~~~~~~~~~~~~~~~~~~~~~~~~~~~~~~~~~~~~~~~~~~~~~^~~~~~~~~~~~~~~~~~[m[K
[2.831s] In file included from [01m[K/opt/ros/humble/include/rclcpp/rclcpp/executors/single_threaded_executor.hpp:28[m[K,
[2.831s]                  from [01m[K/opt/ros/humble/include/rclcpp/rclcpp/executors.hpp:22[m[K,
[2.831s]                  from [01m[K/opt/ros/humble/include/rclcpp/rclcpp/rclcpp.hpp:155[m[K,
[2.831s]                  from [01m[K/home/mahmoud/ros2_ws3/src/cpp_srvcli_threeints/src/add_three_ints_client.cpp:1[m[K:
[2.831s] [01m[K/opt/ros/humble/include/rclcpp/rclcpp/node.hpp:252:3:[m[K [01;36m[Knote: [m[Kcandidate: â€˜[01m[Ktemplate<class ServiceT> typename rclcpp::Client<ServiceT>::SharedPtr rclcpp::Node::create_client(const string&, const rmw_qos_profile_t&, rclcpp::CallbackGroup::SharedPtr)[m[Kâ€™
[2.831s]   252 |   [01;36m[Kcreate_client[m[K(
[2.831s]       |   [01;36m[K^~~~~~~~~~~~~[m[K
[2.831s] [01m[K/opt/ros/humble/include/rclcpp/rclcpp/node.hpp:252:3:[m[K [01;36m[Knote: [m[K  template argument deduction/substitution failed:
[2.832s] [01m[K/home/mahmoud/ros2_ws3/src/cpp_srvcli_threeints/src/add_three_ints_client.cpp:19:75:[m[K [01;31m[Kerror: [m[Ktemplate argument 1 is invalid
[2.832s]    19 |   auto client = [01;31m[Knode->create_client<example_interfaces::srv::AddThreeInts>("add_three_ints")[m[K;
[2.832s]       |                 [01;31m[K~~~~~~~~~~~~~~~~~~~~~~~~~~~~~~~~~~~~~~~~~~~~~~~~~~~~~~~~~~^~~~~~~~~~~~~~~~~~[m[K
[2.832s] [01m[K/home/mahmoud/ros2_ws3/src/cpp_srvcli_threeints/src/add_three_ints_client.cpp:21:23:[m[K [01;31m[Kerror: [m[Kparse error in template argument list
[2.832s]    21 |   auto request = std::[01;31m[Kmake_shared<example_interfaces::srv::AddThreeInts::Request>[m[K();
[2.832s]       |                       [01;31m[K^~~~~~~~~~~~~~~~~~~~~~~~~~~~~~~~~~~~~~~~~~~~~~~~~~~~~~~~~~~[m[K
[2.832s] [01m[K/home/mahmoud/ros2_ws3/src/cpp_srvcli_threeints/src/add_three_ints_client.cpp:21:82:[m[K [01;31m[Kerror: [m[Kno matching function for call to â€˜[01m[Kmake_shared<example_interfaces>()[m[Kâ€™
[2.833s]    21 |   auto request = [01;31m[Kstd::make_shared<example_interfaces::srv::AddThreeInts::Request>()[m[K;
[2.833s]       |                  [01;31m[K~~~~~~~~~~~~~~~~~~~~~~~~~~~~~~~~~~~~~~~~~~~~~~~~~~~~~~~~~~~~~~~~^~[m[K
[2.833s] In file included from [01m[K/usr/include/c++/11/memory:77[m[K,
[2.833s]                  from [01m[K/opt/ros/humble/include/rclcpp/rclcpp/rclcpp.hpp:153[m[K,
[2.833s]                  from [01m[K/home/mahmoud/ros2_ws3/src/cpp_srvcli_threeints/src/add_three_ints_client.cpp:1[m[K:
[2.833s] [01m[K/usr/include/c++/11/bits/shared_ptr.h:875:5:[m[K [01;36m[Knote: [m[Kcandidate: â€˜[01m[Ktemplate<class _Tp, class ... _Args> std::shared_ptr<_Tp> std::make_shared(_Args&& ...)[m[Kâ€™
[2.833s]   875 |     [01;36m[Kmake_shared[m[K(_Args&&... __args)
[2.833s]       |     [01;36m[K^~~~~~~~~~~[m[K
[2.833s] [01m[K/usr/include/c++/11/bits/shared_ptr.h:875:5:[m[K [01;36m[Knote: [m[K  template argument deduction/substitution failed:
[3.241s] gmake[2]: *** [CMakeFiles/server_3.dir/build.make:76: CMakeFiles/server_3.dir/src/add_three_ints_server.cpp.o] Error 1
[3.241s] gmake[1]: *** [CMakeFiles/Makefile2:139: CMakeFiles/server_3.dir/all] Error 2
[3.241s] gmake[1]: *** Waiting for unfinished jobs....
[3.250s] gmake[2]: *** [CMakeFiles/client_3.dir/build.make:76: CMakeFiles/client_3.dir/src/add_three_ints_client.cpp.o] Error 1
[3.250s] gmake[1]: *** [CMakeFiles/Makefile2:165: CMakeFiles/client_3.dir/all] Error 2
[3.250s] gmake: *** [Makefile:146: all] Error 2
[3.253s] Invoked command in '/home/mahmoud/ros2_ws3/build/cpp_srvcli_threeints' returned '2': CMAKE_PREFIX_PATH=${CMAKE_PREFIX_PATH}:/opt/ros/humble /usr/bin/cmake --build /home/mahmoud/ros2_ws3/build/cpp_srvcli_threeints -- -j12 -l12
